<?xml version="1.0" encoding="UTF-8"?>
<!-- Generated by org.testng.reporters.JUnitReportReporter -->
<testsuite skipped="0" hostname="DESKTOP-MH1J0Q1" name="driverFactory.DriverScript" tests="1" failures="0" timestamp="14 Jul 2022 16:18:07 GMT" time="27.891" errors="0">
  <testcase name="startTest" time="27.891" classname="driverFactory.DriverScript"/>
</testsuite> <!-- driverFactory.DriverScript -->
